<?xml version="1.0" encoding="UTF-8" ?>
<testsuite tests="10" failures="0" name="com.glarimy.jpa.LibraryTest" time="0.266" errors="0" skipped="0">
  <properties>
[...]
</properties>
  <testcase classname="com.glarimy.jpa.LibraryTest" name="testUsingProjections" time="0.044"/>
  <testcase classname="com.glarimy.jpa.LibraryTest" name="testUsingCompoundKey" time="0.02"/>
  <testcase classname="com.glarimy.jpa.LibraryTest" name="testUsingJoinQuery" time="0.03"/>
  <testcase classname="com.glarimy.jpa.LibraryTest" name="testUsingNamedQuery" time="0.039"/>
  <testcase classname="com.glarimy.jpa.LibraryTest" name="testUsingNamedNativeQuery" time="0.04"/>
  <testcase classname="com.glarimy.jpa.LibraryTest" name="testLazyFetch" time="0.015"/>
  <testcase classname="com.glarimy.jpa.LibraryTest" name="testUsingLocks" time="0.049"/>
  <testcase classname="com.glarimy.jpa.LibraryTest" name="testUsingQueryAndPolymorphism" time="0.012"/>
  <testcase classname="com.glarimy.jpa.LibraryTest" name="testFindingBooks" time="0.002"/>
  <testcase classname="com.glarimy.jpa.LibraryTest" name="testUsingRestrictions" time="0.015"/>
</testsuite>